<?xml version="1.0" encoding="UTF-8" ?>
<testsuite 
errors="0" failures="0" hostname="Orion.local" name="org.scalatest.tools.DiscoverySuite" tests="0" time="0.023" timestamp="2019-08-01T12:38:47">
  <properties>
    <property name="java.runtime.name" value="OpenJDK Runtime Environment">
    </property>
    <property 
    name="sun.boot.library.path" value="/Library/Java/JavaVirtualMachines/adoptopenjdk-8.jdk/Contents/Home/jre/lib">
</property>
    <property name="java.vm.version" value="25.202-b08"> </property>
    <property name="gopherProxySet" value="false"> </property>
    <property name="java.vm.vendor" value="Oracle Corporation"> </property>
    <property name="java.vendor.url" value="https://adoptopenjdk.net/">
    </property>
    <property name="path.separator" value=":"> </property>
    <property name="java.vm.name" value="OpenJDK 64-Bit Server VM"> </property>
    <property name="file.encoding.pkg" value="sun.io"> </property>
    <property name="user.country" value="US"> </property>
    <property name="sun.java.launcher" value="SUN_STANDARD"> </property>
    <property name="sun.os.patch.level" value="unknown"> </property>
    <property 
    name="java.vm.specification.name" value="Java Virtual Machine Specification">
</property>
    <property 
    name="user.dir" value="/Users/cdiaz/Documents/Datastax/Dev/dse-twcs-migrator">
</property>
    <property name="java.runtime.version" value="1.8.0_202-b08"> </property>
    <property name="java.awt.graphicsenv" value="sun.awt.CGraphicsEnvironment">
    </property>
    <property 
    name="basedir" value="/Users/cdiaz/Documents/Datastax/Dev/dse-twcs-migrator">
</property>
    <property 
    name="java.endorsed.dirs" value="/Library/Java/JavaVirtualMachines/adoptopenjdk-8.jdk/Contents/Home/jre/lib/endorsed">
</property>
    <property name="os.arch" value="x86_64"> </property>
    <property 
    name="java.io.tmpdir" value="/var/folders/52/t7h0cm1d1956qdlf7db042dw0000gn/T/">
</property>
    <property name="line.separator" value=" "> </property>
    <property name="java.vm.specification.vendor" value="Oracle Corporation">
    </property>
    <property name="os.name" value="Mac OS X"> </property>
    <property name="sun.jnu.encoding" value="UTF-8"> </property>
    <property 
    name="java.library.path" value="/Users/cdiaz/Library/Java/Extensions:/Library/Java/Extensions:/Network/Library/Java/Extensions:/System/Library/Java/Extensions:/usr/lib/java:.">
</property>
    <property 
    name="java.specification.name" value="Java Platform API Specification">
</property>
    <property name="java.class.version" value="52.0"> </property>
    <property 
    name="sun.management.compiler" value="HotSpot 64-Bit Tiered Compilers">
</property>
    <property name="os.version" value="10.14.6"> </property>
    <property 
    name="http.nonProxyHosts" value="local|*.local|169.254/16|*.169.254/16">
</property>
    <property name="user.home" value="/Users/cdiaz"> </property>
    <property name="user.timezone" value=""> </property>
    <property name="java.awt.printerjob" value="sun.lwawt.macosx.CPrinterJob">
    </property>
    <property name="file.encoding" value="UTF-8"> </property>
    <property name="java.specification.version" value="1.8"> </property>
    <property name="user.name" value="cdiaz"> </property>
    <property 
    name="java.class.path" value="/Users/cdiaz/Documents/Datastax/Dev/dse-twcs-migrator/target/test-classes:/Users/cdiaz/Documents/Datastax/Dev/dse-twcs-migrator/target/classes:/Users/cdiaz/.m2/repository/com/datastax/dse/dse-spark-dependencies/6.7.3/dse-spark-dependencies-6.7.3.jar:/Users/cdiaz/.m2/repository/com/datastax/dse/dse-graph-frames/6.7.3/dse-graph-frames-6.7.3.jar:/Users/cdiaz/.m2/repository/graphframes/graphframes_2.11/0.5.0.3-spark2.2/graphframes_2.11-0.5.0.3-spark2.2.jar:/Users/cdiaz/.m2/repository/org/apache/tinkerpop/spark-gremlin/3.3.5/spark-gremlin-3.3.5.jar:/Users/cdiaz/.m2/repository/com/typesafe/scala-logging/scala-logging_2.11/3.5.0/scala-logging_2.11-3.5.0.jar:/Users/cdiaz/.m2/repository/com/michaelpollmeier/gremlin-scala_2.11/3.2.2.0/gremlin-scala_2.11-3.2.2.0.jar:/Users/cdiaz/.m2/repository/org/apache/tinkerpop/hadoop-gremlin/3.3.5/hadoop-gremlin-3.3.5.jar:/Users/cdiaz/.m2/repository/org/apache/tinkerpop/gremlin-server/3.3.5/gremlin-server-3.3.5.jar:/Users/cdiaz/.m2/repository/com/google/inject/extensions/guice-assistedinject/4.0/guice-assistedinject-4.0.jar:/Users/cdiaz/.m2/repository/com/fasterxml/jackson/datatype/jackson-datatype-guava/2.9.5/jackson-datatype-guava-2.9.5.jar:/Users/cdiaz/.m2/repository/com/bpodgursky/jbool_expressions/1.9/jbool_expressions-1.9.jar:/Users/cdiaz/.m2/repository/com/google/auto/factory/auto-factory/1.0-beta3/auto-factory-1.0-beta3.jar:/Users/cdiaz/.m2/repository/com/google/dagger/dagger/2.0.2/dagger-2.0.2.jar:/Users/cdiaz/.m2/repository/com/michaelpollmeier/macros_2.11/3.2.2.0/macros_2.11-3.2.2.0.jar:/Users/cdiaz/.m2/repository/org/apache/tinkerpop/tinkergraph-gremlin/3.3.5/tinkergraph-gremlin-3.3.5.jar:/Users/cdiaz/.m2/repository/org/apache/tinkerpop/gremlin-driver/3.3.5/gremlin-driver-3.3.5.jar:/Users/cdiaz/.m2/repository/org/apache/tinkerpop/gremlin-groovy/3.3.5/gremlin-groovy-3.3.5.jar:/Users/cdiaz/.m2/repository/org/apache/tinkerpop/gremlin-core/3.3.5/gremlin-core-3.3.5.jar:/Users/cdiaz/.m2/repository/com/google/auto/auto-common/0.4/auto-common-0.4.jar:/Users/cdiaz/.m2/repository/com/squareup/javawriter/2.5.1/javawriter-2.5.1.jar:/Users/cdiaz/.m2/repository/org/apache/tinkerpop/gremlin-shaded/3.3.5/gremlin-shaded-3.3.5.jar:/Users/cdiaz/.m2/repository/org/javatuples/javatuples/1.2/javatuples-1.2.jar:/Users/cdiaz/.m2/repository/com/jcabi/jcabi-manifests/1.1/jcabi-manifests-1.1.jar:/Users/cdiaz/.m2/repository/com/squareup/javapoet/1.8.0/javapoet-1.8.0.jar:/Users/cdiaz/.m2/repository/net/objecthunter/exp4j/0.4.8/exp4j-0.4.8.jar:/Users/cdiaz/.m2/repository/org/codehaus/groovy/groovy/2.4.16/groovy-2.4.16-indy.jar:/Users/cdiaz/.m2/repository/org/codehaus/groovy/groovy-groovysh/2.4.16/groovy-groovysh-2.4.16-indy.jar:/Users/cdiaz/.m2/repository/org/codehaus/groovy/groovy-json/2.4.16/groovy-json-2.4.16-indy.jar:/Users/cdiaz/.m2/repository/org/codehaus/groovy/groovy-jsr223/2.4.16/groovy-jsr223-2.4.16-indy.jar:/Users/cdiaz/.m2/repository/org/codehaus/groovy/groovy-sql/2.4.16/groovy-sql-2.4.16-indy.jar:/Users/cdiaz/.m2/repository/com/jcabi/jcabi-log/0.14/jcabi-log-0.14.jar:/Users/cdiaz/.m2/repository/org/codehaus/groovy/groovy-console/2.4.16/groovy-console-2.4.16.jar:/Users/cdiaz/.m2/repository/org/antlr/stringtemplate/3.2.1/stringtemplate-3.2.1.jar:/Users/cdiaz/.m2/repository/org/codehaus/groovy/groovy-swing/2.4.16/groovy-swing-2.4.16.jar:/Users/cdiaz/.m2/repository/org/codehaus/groovy/groovy-templates/2.4.16/groovy-templates-2.4.16.jar:/Users/cdiaz/.m2/repository/antlr/antlr/2.7.7/antlr-2.7.7.jar:/Users/cdiaz/.m2/repository/org/codehaus/groovy/groovy-xml/2.4.16/groovy-xml-2.4.16.jar:/Users/cdiaz/.m2/repository/com/datastax/dse/spark-connector/6.7.3/spark-connector-6.7.3.jar:/Users/cdiaz/.m2/repository/org/apache/spark/spark-core_2.11/2.2.3/spark-core_2.11-2.2.3.jar:/Users/cdiaz/.m2/repository/com/fasterxml/jackson/module/jackson-module-scala_2.11/2.9.5/jackson-module-scala_2.11-2.9.5.jar:/Users/cdiaz/.m2/repository/org/json4s/json4s-native_2.11/3.2.11/json4s-native_2.11-3.2.11.jar:/Users/cdiaz/.m2/repository/org/json4s/json4s-ext_2.11/3.2.11/json4s-ext_2.11-3.2.11.jar:/Users/cdiaz/.m2/repository/org/apache/spark/spark-mllib_2.11/2.2.3/spark-mllib_2.11-2.2.3.jar:/Users/cdiaz/.m2/repository/org/apache/spark/spark-repl_2.11/2.2.3/spark-repl_2.11-2.2.3.jar:/Users/cdiaz/.m2/repository/org/apache/spark/spark-hive-thriftserver_2.11/2.2.3/spark-hive-thriftserver_2.11-2.2.3.jar:/Users/cdiaz/.m2/repository/org/apache/spark/spark-hive_2.11/2.2.3/spark-hive_2.11-2.2.3.jar:/Users/cdiaz/.m2/repository/org/apache/spark/spark-sql_2.11/2.2.3/spark-sql_2.11-2.2.3.jar:/Users/cdiaz/.m2/repository/org/apache/spark/spark-catalyst_2.11/2.2.3/spark-catalyst_2.11-2.2.3.jar:/Users/cdiaz/.m2/repository/org/apache/spark/spark-graphx_2.11/2.2.3/spark-graphx_2.11-2.2.3.jar:/Users/cdiaz/.m2/repository/org/apache/spark/spark-mllib-local_2.11/2.2.3/spark-mllib-local_2.11-2.2.3.jar:/Users/cdiaz/.m2/repository/org/scalanlp/breeze_2.11/0.13.2/breeze_2.11-0.13.2.jar:/Users/cdiaz/.m2/repository/org/scalanlp/breeze-macros_2.11/0.13.2/breeze-macros_2.11-0.13.2.jar:/Users/cdiaz/.m2/repository/org/json4s/json4s-jackson_2.11/3.2.11/json4s-jackson_2.11-3.2.11.jar:/Users/cdiaz/.m2/repository/org/json4s/json4s-core_2.11/3.2.11/json4s-core_2.11-3.2.11.jar:/Users/cdiaz/.m2/repository/org/scala-lang/scalap/2.11.0/scalap-2.11.0.jar:/Users/cdiaz/.m2/repository/org/scala-lang/scala-compiler/2.11.8/scala-compiler-2.11.8.jar:/Users/cdiaz/.m2/repository/org/spire-math/spire_2.11/0.13.0/spire_2.11-0.13.0.jar:/Users/cdiaz/.m2/repository/org/spire-math/spire-macros_2.11/0.13.0/spire-macros_2.11-0.13.0.jar:/Users/cdiaz/.m2/repository/org/typelevel/machinist_2.11/0.6.1/machinist_2.11-0.6.1.jar:/Users/cdiaz/.m2/repository/org/scala-lang/scala-reflect/2.11.8/scala-reflect-2.11.8.jar:/Users/cdiaz/.m2/repository/org/json4s/json4s-ast_2.11/3.2.11/json4s-ast_2.11-3.2.11.jar:/Users/cdiaz/.m2/repository/org/scala-lang/modules/scala-parser-combinators_2.11/1.0.6/scala-parser-combinators_2.11-1.0.6.jar:/Users/cdiaz/.m2/repository/org/scala-lang/modules/scala-xml_2.11/1.0.5/scala-xml_2.11-1.0.5.jar:/Users/cdiaz/.m2/repository/org/scala-lang/scala-library/2.11.8/scala-library-2.11.8.jar:/Users/cdiaz/.m2/repository/org/apache/hadoop/hadoop-client/2.7.1/hadoop-client-2.7.1.jar:/Users/cdiaz/.m2/repository/org/apache/hadoop/hadoop-aws/2.7.1/hadoop-aws-2.7.1.jar:/Users/cdiaz/.m2/repository/org/apache/hadoop/hadoop-common/2.7.1/hadoop-common-2.7.1.jar:/Users/cdiaz/.m2/repository/org/apache/avro/avro/1.7.7/avro-1.7.7.jar:/Users/cdiaz/.m2/repository/org/apache/parquet/parquet-hadoop/1.8.2/parquet-hadoop-1.8.2.jar:/Users/cdiaz/.m2/repository/org/xerial/snappy/snappy-java/1.1.2.6/snappy-java-1.1.2.6.jar:/Users/cdiaz/.m2/repository/io/dropwizard/metrics/metrics-json/3.2.6/metrics-json-3.2.6.jar:/Users/cdiaz/.m2/repository/io/dropwizard/metrics/metrics-jvm/3.2.6/metrics-jvm-3.2.6.jar:/Users/cdiaz/.m2/repository/io/dropwizard/metrics/metrics-logback/3.2.6/metrics-logback-3.2.6.jar:/Users/cdiaz/.m2/repository/com/addthis/metrics/reporter-config3/3.0.3/reporter-config3-3.0.3.jar:/Users/cdiaz/.m2/repository/io/dropwizard/metrics/metrics-core/3.2.6/metrics-core-3.2.6.jar:/Users/cdiaz/.m2/repository/com/fasterxml/jackson/module/jackson-module-paranamer/2.9.5/jackson-module-paranamer-2.9.5.jar:/Users/cdiaz/.m2/repository/com/fasterxml/jackson/datatype/jackson-datatype-jdk8/2.9.6/jackson-datatype-jdk8-2.9.6.jar:/Users/cdiaz/.m2/repository/com/fasterxml/jackson/datatype/jackson-datatype-jsr310/2.9.6/jackson-datatype-jsr310-2.9.6.jar:/Users/cdiaz/.m2/repository/com/fasterxml/jackson/core/jackson-databind/2.9.5/jackson-databind-2.9.5.jar:/Users/cdiaz/.m2/repository/com/fasterxml/jackson/core/jackson-core/2.9.5/jackson-core-2.9.5.jar:/Users/cdiaz/.m2/repository/com/fasterxml/jackson/core/jackson-annotations/2.9.5/jackson-annotations-2.9.5.jar:/Users/cdiaz/.m2/repository/org/slf4j/log4j-over-slf4j/1.7.25/log4j-over-slf4j-1.7.25.jar:/Users/cdiaz/.m2/repository/org/slf4j/jul-to-slf4j/1.7.25/jul-to-slf4j-1.7.25.jar:/Users/cdiaz/.m2/repository/org/apache/avro/avro-ipc/1.7.7/avro-ipc-1.7.7.jar:/Users/cdiaz/.m2/repository/net/sf/py4j/py4j/0.10.7/py4j-0.10.7.jar:/Users/cdiaz/.m2/repository/com/esotericsoftware/kryo/3.0.3/kryo-3.0.3.jar:/Users/cdiaz/.m2/repository/com/google/inject/extensions/guice-multibindings/4.0/guice-multibindings-4.0.jar:/Users/cdiaz/.m2/repository/com/google/inject/guice/4.0/guice-4.0.jar:/Users/cdiaz/.m2/repository/org/reflections/reflections/0.9.10/reflections-0.9.10.jar:/Users/cdiaz/.m2/repository/org/apache/hadoop/hadoop-azure/2.7.1/hadoop-azure-2.7.1.jar:/Users/cdiaz/.m2/repository/io/airlift/airline/0.7/airline-0.7.jar:/Users/cdiaz/.m2/repository/org/apache/hadoop/hadoop-hdfs/2.7.1/hadoop-hdfs-2.7.1.jar:/Users/cdiaz/.m2/repository/org/caffinitas/ohc/ohc-core-j8/0.5.1/ohc-core-j8-0.5.1.jar:/Users/cdiaz/.m2/repository/org/caffinitas/ohc/ohc-core/0.5.1/ohc-core-0.5.1.jar:/Users/cdiaz/.m2/repository/org/apache/curator/curator-recipes/2.7.1/curator-recipes-2.7.1.jar:/Users/cdiaz/.m2/repository/org/apache/hadoop/hadoop-auth/2.7.1/hadoop-auth-2.7.1.jar:/Users/cdiaz/.m2/repository/org/apache/curator/curator-framework/2.7.1/curator-framework-2.7.1.jar:/Users/cdiaz/.m2/repository/org/apache/curator/curator-client/2.7.1/curator-client-2.7.1.jar:/Users/cdiaz/.m2/repository/org/apache/hadoop/hadoop-mapreduce-client-app/2.7.1/hadoop-mapreduce-client-app-2.7.1.jar:/Users/cdiaz/.m2/repository/org/apache/hadoop/hadoop-mapreduce-client-jobclient/2.7.1/hadoop-mapreduce-client-jobclient-2.7.1.jar:/Users/cdiaz/.m2/repository/org/apache/hadoop/hadoop-mapreduce-client-shuffle/2.7.1/hadoop-mapreduce-client-shuffle-2.7.1.jar:/Users/cdiaz/.m2/repository/org/apache/hadoop/hadoop-mapreduce-client-common/2.7.1/hadoop-mapreduce-client-common-2.7.1.jar:/Users/cdiaz/.m2/repository/org/apache/hadoop/hadoop-yarn-client/2.7.1/hadoop-yarn-client-2.7.1.jar:/Users/cdiaz/.m2/repository/org/apache/hadoop/hadoop-yarn-server-nodemanager/2.7.1/hadoop-yarn-server-nodemanager-2.7.1.jar:/Users/cdiaz/.m2/repository/org/apache/hadoop/hadoop-yarn-server-common/2.7.1/hadoop-yarn-server-common-2.7.1.jar:/Users/cdiaz/.m2/repository/org/apache/hadoop/hadoop-mapreduce-client-core/2.7.1/hadoop-mapreduce-client-core-2.7.1.jar:/Users/cdiaz/.m2/repository/org/apache/hadoop/hadoop-yarn-common/2.7.1/hadoop-yarn-common-2.7.1.jar:/Users/cdiaz/.m2/repository/org/apache/hadoop/hadoop-yarn-api/2.7.1/hadoop-yarn-api-2.7.1.jar:/Users/cdiaz/.m2/repository/com/google/guava/guava/19.0/guava-19.0.jar:/Users/cdiaz/.m2/repository/org/apache/velocity/velocity/1.7/velocity-1.7.jar:/Users/cdiaz/.m2/repository/commons-beanutils/commons-beanutils/1.9.3/commons-beanutils-1.9.3.jar:/Users/cdiaz/.m2/repository/org/apache/directory/api/api-ldap-client-api/1.0.0/api-ldap-client-api-1.0.0.jar:/Users/cdiaz/.m2/repository/org/apache/directory/api/api-ldap-codec-standalone/1.0.0/api-ldap-codec-standalone-1.0.0.jar:/Users/cdiaz/.m2/repository/org/apache/directory/api/api-ldap-extras-codec/1.0.0/api-ldap-extras-codec-1.0.0.jar:/Users/cdiaz/.m2/repository/org/apache/directory/api/api-ldap-net-mina/1.0.0/api-ldap-net-mina-1.0.0.jar:/Users/cdiaz/.m2/repository/org/apache/directory/api/api-ldap-codec-core/1.0.0/api-ldap-codec-core-1.0.0.jar:/Users/cdiaz/.m2/repository/org/apache/directory/server/apacheds-kerberos-codec/2.0.0-M24/apacheds-kerberos-codec-2.0.0-M24.jar:/Users/cdiaz/.m2/repository/org/apache/directory/api/api-ldap-extras-aci/1.0.0/api-ldap-extras-aci-1.0.0.jar:/Users/cdiaz/.m2/repository/org/apache/directory/api/api-ldap-extras-codec-api/1.0.0/api-ldap-extras-codec-api-1.0.0.jar:/Users/cdiaz/.m2/repository/org/apache/directory/api/api-ldap-model/1.0.0/api-ldap-model-1.0.0.jar:/Users/cdiaz/.m2/repository/commons-collections/commons-collections/3.2.2/commons-collections-3.2.2.jar:/Users/cdiaz/.m2/repository/org/apache/thrift/libfb303/0.9.3/libfb303-0.9.3.jar:/Users/cdiaz/.m2/repository/org/apache/thrift/libthrift/0.9.3/libthrift-0.9.3.jar:/Users/cdiaz/.m2/repository/org/eclipse/jetty/aggregate/jetty-all/9.2.13.v20150730/jetty-all-9.2.13.v20150730.jar:/Users/cdiaz/.m2/repository/javax/servlet/javax.servlet-api/3.1.0/javax.servlet-api-3.1.0.jar:/Users/cdiaz/.m2/repository/javax/mail/mail/1.4.7/mail-1.4.7.jar:/Users/cdiaz/.m2/repository/org/apache/solr/solr-solrj/6.0.1/solr-solrj-6.0.1.jar:/Users/cdiaz/.m2/repository/io/netty/netty/3.9.9.Final/netty-3.9.9.Final.jar:/Users/cdiaz/.m2/repository/org/apache/avro/avro-mapred/1.7.7/avro-mapred-1.7.7-hadoop2.jar:/Users/cdiaz/.m2/repository/org/apache/spark/spark-unsafe_2.11/2.2.3/spark-unsafe_2.11-2.2.3.jar:/Users/cdiaz/.m2/repository/com/twitter/chill_2.11/0.8.0/chill_2.11-0.8.0.jar:/Users/cdiaz/.m2/repository/com/twitter/chill-java/0.8.0/chill-java-0.8.0.jar:/Users/cdiaz/.m2/repository/org/apache/xbean/xbean-asm5-shaded/4.4/xbean-asm5-shaded-4.4.jar:/Users/cdiaz/.m2/repository/org/apache/spark/spark-launcher_2.11/2.2.3/spark-launcher_2.11-2.2.3.jar:/Users/cdiaz/.m2/repository/org/apache/spark/spark-network-shuffle_2.11/2.2.3/spark-network-shuffle_2.11-2.2.3.jar:/Users/cdiaz/.m2/repository/org/apache/spark/spark-network-common_2.11/2.2.3/spark-network-common_2.11-2.2.3.jar:/Users/cdiaz/.m2/repository/org/spark-project/hive/hive-exec/1.2.1.spark/hive-exec-1.2.1.spark.jar:/Users/cdiaz/.m2/repository/com/microsoft/azure/azure-storage/2.0.0/azure-storage-2.0.0.jar:/Users/cdiaz/.m2/repository/com/addthis/metrics/reporter-config-base/3.0.3/reporter-config-base-3.0.3.jar:/Users/cdiaz/.m2/repository/org/apache/commons/commons-lang3/3.5/commons-lang3-3.5.jar:/Users/cdiaz/.m2/repository/org/apache/commons/commons-math3/3.4.1/commons-math3-3.4.1.jar:/Users/cdiaz/.m2/repository/com/google/code/findbugs/jsr305/3.0.2/jsr305-3.0.2.jar:/Users/cdiaz/.m2/repository/com/ning/compress-lzf/1.0.3/compress-lzf-1.0.3.jar:/Users/cdiaz/.m2/repository/org/roaringbitmap/RoaringBitmap/0.6.18/RoaringBitmap-0.6.18.jar:/Users/cdiaz/.m2/repository/commons-net/commons-net/3.1/commons-net-3.1.jar:/Users/cdiaz/.m2/repository/org/glassfish/jersey/containers/jersey-container-servlet/2.22.2/jersey-container-servlet-2.22.2.jar:/Users/cdiaz/.m2/repository/org/glassfish/jersey/containers/jersey-container-servlet-core/2.22.2/jersey-container-servlet-core-2.22.2.jar:/Users/cdiaz/.m2/repository/org/glassfish/jersey/core/jersey-server/2.22.2/jersey-server-2.22.2.jar:/Users/cdiaz/.m2/repository/org/glassfish/jersey/core/jersey-client/2.22.2/jersey-client-2.22.2.jar:/Users/cdiaz/.m2/repository/org/glassfish/jersey/media/jersey-media-jaxb/2.22.2/jersey-media-jaxb-2.22.2.jar:/Users/cdiaz/.m2/repository/org/glassfish/jersey/core/jersey-common/2.22.2/jersey-common-2.22.2.jar:/Users/cdiaz/.m2/repository/com/clearspring/analytics/stream/2.7.0/stream-2.7.0.jar:/Users/cdiaz/.m2/repository/org/apache/ivy/ivy/2.4.0/ivy-2.4.0.jar:/Users/cdiaz/.m2/repository/oro/oro/2.0.8/oro-2.0.8.jar:/Users/cdiaz/.m2/repository/net/razorvine/pyrolite/4.13/pyrolite-4.13.jar:/Users/cdiaz/.m2/repository/org/apache/spark/spark-streaming_2.11/2.2.3/spark-streaming_2.11-2.2.3.jar:/Users/cdiaz/.m2/repository/org/apache/spark/spark-sketch_2.11/2.2.3/spark-sketch_2.11-2.2.3.jar:/Users/cdiaz/.m2/repository/org/apache/spark/spark-tags_2.11/2.2.3/spark-tags_2.11-2.2.3.jar:/Users/cdiaz/.m2/repository/org/apache/commons/commons-crypto/1.0.0/commons-crypto-1.0.0.jar:/Users/cdiaz/.m2/repository/org/spark-project/spark/unused/1.0.0/unused-1.0.0.jar:/Users/cdiaz/.m2/repository/org/apache/mina/mina-core/2.0.17/mina-core-2.0.17.jar:/Users/cdiaz/.m2/repository/com/yammer/metrics/metrics-core/2.2.0/metrics-core-2.2.0.jar:/Users/cdiaz/.m2/repository/com/cloudera/alfredo/alfredo/0.1.7.4/alfredo-0.1.7.4.jar:/Users/cdiaz/.m2/repository/net/sf/jpam/jpam/1.1/jpam-1.1.jar:/Users/cdiaz/.m2/repository/org/spark-project/hive/hive-jdbc/1.2.1.spark/hive-jdbc-1.2.1.spark.jar:/Users/cdiaz/.m2/repository/net/java/dev/jets3t/jets3t/0.9.4/jets3t-0.9.4.jar:/Users/cdiaz/.m2/repository/com/amazonaws/aws-java-sdk/1.7.4/aws-java-sdk-1.7.4.jar:/Users/cdiaz/.m2/repository/org/apache/httpcomponents/httpclient/4.5.5/httpclient-4.5.5.jar:/Users/cdiaz/.m2/repository/commons-configuration/commons-configuration/1.10/commons-configuration-1.10.jar:/Users/cdiaz/.m2/repository/org/spark-project/hive/hive-metastore/1.2.1.spark/hive-metastore-1.2.1.spark.jar:/Users/cdiaz/.m2/repository/org/slf4j/jcl-over-slf4j/1.7.25/jcl-over-slf4j-1.7.25.jar:/Users/cdiaz/.m2/repository/ch/qos/logback/logback-classic/1.2.3/logback-classic-1.2.3.jar:/Users/cdiaz/.m2/repository/org/apache/directory/api/api-asn1-ber/1.0.0/api-asn1-ber-1.0.0.jar:/Users/cdiaz/.m2/repository/org/apache/directory/api/api-util/1.0.0/api-util-1.0.0.jar:/Users/cdiaz/.m2/repository/org/apache/directory/server/apacheds-i18n/2.0.0-M24/apacheds-i18n-2.0.0-M24.jar:/Users/cdiaz/.m2/repository/net/sf/ehcache/ehcache/2.10.4/ehcache-2.10.4.jar:/Users/cdiaz/.m2/repository/org/slf4j/slf4j-api/1.7.25/slf4j-api-1.7.25.jar:/Users/cdiaz/.m2/repository/joda-time/joda-time/2.9.3/joda-time-2.9.3.jar:/Users/cdiaz/.m2/repository/org/joda/joda-convert/1.6/joda-convert-1.6.jar:/Users/cdiaz/.m2/repository/com/github/fommil/netlib/core/1.1.2/core-1.1.2.jar:/Users/cdiaz/.m2/repository/net/sourceforge/f2j/arpack_combined_all/0.1/arpack_combined_all-0.1.jar:/Users/cdiaz/.m2/repository/org/jpmml/pmml-model/1.2.15/pmml-model-1.2.15.jar:/Users/cdiaz/.m2/repository/com/univocity/univocity-parsers/2.2.1/univocity-parsers-2.2.1.jar:/Users/cdiaz/.m2/repository/org/apache/parquet/parquet-column/1.8.2/parquet-column-1.8.2.jar:/Users/cdiaz/.m2/repository/org/codehaus/janino/janino/3.0.8/janino-3.0.8.jar:/Users/cdiaz/.m2/repository/org/codehaus/janino/commons-compiler/3.0.8/commons-compiler-3.0.8.jar:/Users/cdiaz/.m2/repository/org/antlr/antlr4-runtime/4.5.3/antlr4-runtime-4.5.3.jar:/Users/cdiaz/.m2/repository/org/apache/parquet/parquet-encoding/1.8.2/parquet-encoding-1.8.2.jar:/Users/cdiaz/.m2/repository/commons-codec/commons-codec/1.10/commons-codec-1.10.jar:/Users/cdiaz/.m2/repository/com/twitter/parquet-hadoop-bundle/1.6.0/parquet-hadoop-bundle-1.6.0.jar:/Users/cdiaz/.m2/repository/org/apache/calcite/calcite-core/1.2.0-incubating/calcite-core-1.2.0-incubating.jar:/Users/cdiaz/.m2/repository/org/apache/calcite/calcite-avatica/1.2.0-incubating/calcite-avatica-1.2.0-incubating.jar:/Users/cdiaz/.m2/repository/org/codehaus/jackson/jackson-mapper-asl/1.9.13/jackson-mapper-asl-1.9.13.jar:/Users/cdiaz/.m2/repository/org/jodd/jodd-core/3.5.2/jodd-core-3.5.2.jar:/Users/cdiaz/.m2/repository/org/datanucleus/datanucleus-core/3.2.10/datanucleus-core-3.2.10.jar:/Users/cdiaz/.m2/repository/org/apache/derby/derby/10.12.1.1/derby-10.12.1.1.jar:/Users/cdiaz/.m2/repository/org/spark-project/hive/hive-cli/1.2.1.spark/hive-cli-1.2.1.spark.jar:/Users/cdiaz/.m2/repository/org/spark-project/hive/hive-beeline/1.2.1.spark/hive-beeline-1.2.1.spark.jar:/Users/cdiaz/.m2/repository/com/esri/geometry/esri-geometry-api/1.2.1/esri-geometry-api-1.2.1.jar:/Users/cdiaz/.m2/repository/org/gridkit/jvmtool/mxdump/0.5.1/mxdump-0.5.1.jar:/Users/cdiaz/.m2/repository/org/codehaus/jackson/jackson-core-asl/1.9.13/jackson-core-asl-1.9.13.jar:/Users/cdiaz/.m2/repository/com/thoughtworks/paranamer/paranamer/2.8/paranamer-2.8.jar:/Users/cdiaz/.m2/repository/org/apache/commons/commons-compress/1.4.1/commons-compress-1.4.1.jar:/Users/cdiaz/.m2/repository/com/esotericsoftware/reflectasm/1.10.1/reflectasm-1.10.1.jar:/Users/cdiaz/.m2/repository/com/esotericsoftware/minlog/1.3.0/minlog-1.3.0.jar:/Users/cdiaz/.m2/repository/org/objenesis/objenesis/2.1/objenesis-2.1.jar:/Users/cdiaz/.m2/repository/org/apache/httpcomponents/httpcore/4.4.9/httpcore-4.4.9.jar:/Users/cdiaz/.m2/repository/javax/xml/bind/jaxb-api/2.2.2/jaxb-api-2.2.2.jar:/Users/cdiaz/.m2/repository/javax/activation/activation/1.1.1/activation-1.1.1.jar:/Users/cdiaz/.m2/repository/commons-io/commons-io/2.5/commons-io-2.5.jar:/Users/cdiaz/.m2/repository/org/apache/httpcomponents/httpmime/4.5.5/httpmime-4.5.5.jar:/Users/cdiaz/.m2/repository/org/apache/zookeeper/zookeeper/3.4.6/zookeeper-3.4.6.jar:/Users/cdiaz/.m2/repository/org/codehaus/woodstox/stax2-api/3.1.4/stax2-api-3.1.4.jar:/Users/cdiaz/.m2/repository/org/codehaus/woodstox/woodstox-core-asl/4.4.1/woodstox-core-asl-4.4.1.jar:/Users/cdiaz/.m2/repository/org/noggit/noggit/0.6/noggit-0.6.jar:/Users/cdiaz/.m2/repository/org/antlr/antlr/3.5.2/antlr-3.5.2.jar:/Users/cdiaz/.m2/repository/io/netty/netty-transport-native-kqueue/4.1.25.Final/netty-transport-native-kqueue-4.1.25.Final.jar:/Users/cdiaz/.m2/repository/io/netty/netty-transport-native-kqueue/4.1.25.Final/netty-transport-native-kqueue-4.1.25.Final-osx-x86_64.jar:/Users/cdiaz/.m2/repository/com/github/spullara/mustache/java/compiler/0.9.5/compiler-0.9.5.jar:/Users/cdiaz/.m2/repository/com/diffplug/durian/durian/3.4.0/durian-3.4.0.jar:/Users/cdiaz/.m2/repository/com/github/sbtourist/journalio/1.4.2/journalio-1.4.2.jar:/Users/cdiaz/.m2/repository/com/fasterxml/uuid/java-uuid-generator/3.1.3/java-uuid-generator-3.1.3.jar:/Users/cdiaz/.m2/repository/jline/jline/2.14.6/jline-2.14.6.jar:/Users/cdiaz/.m2/repository/org/glassfish/hk2/hk2-locator/2.4.0-b34/hk2-locator-2.4.0-b34.jar:/Users/cdiaz/.m2/repository/org/javassist/javassist/3.21.0-GA/javassist-3.21.0-GA.jar:/Users/cdiaz/.m2/repository/javax/validation/validation-api/1.1.0.Final/validation-api-1.1.0.Final.jar:/Users/cdiaz/.m2/repository/com/datastax/dse/dse-java-driver-core/1.7.0/dse-java-driver-core-1.7.0.jar:/Users/cdiaz/.m2/repository/com/datastax/logging/cassandra-log4j-appender/3.1.0/cassandra-log4j-appender-3.1.0.jar:/Users/cdiaz/.m2/repository/com/jamesmurty/utils/java-xmlbuilder/1.2/java-xmlbuilder-1.2.jar:/Users/cdiaz/.m2/repository/cglib/cglib/3.2.4/cglib-3.2.4.jar:/Users/cdiaz/.m2/repository/org/fusesource/leveldbjni/leveldbjni-all/1.8/leveldbjni-all-1.8.jar:/Users/cdiaz/.m2/repository/javax/ws/rs/javax.ws.rs-api/2.0.1/javax.ws.rs-api-2.0.1.jar:/Users/cdiaz/.m2/repository/org/glassfish/hk2/hk2-api/2.4.0-b34/hk2-api-2.4.0-b34.jar:/Users/cdiaz/.m2/repository/org/glassfish/hk2/external/javax.inject/2.4.0-b34/javax.inject-2.4.0-b34.jar:/Users/cdiaz/.m2/repository/javax/annotation/javax.annotation-api/1.2/javax.annotation-api-1.2.jar:/Users/cdiaz/.m2/repository/org/glassfish/jersey/bundles/repackaged/jersey-guava/2.22.2/jersey-guava-2.22.2.jar:/Users/cdiaz/.m2/repository/org/glassfish/hk2/osgi-resource-locator/1.0.1/osgi-resource-locator-1.0.1.jar:/Users/cdiaz/.m2/repository/net/sf/opencsv/opencsv/2.3/opencsv-2.3.jar:/Users/cdiaz/.m2/repository/com/github/rwl/jtransforms/2.4.0/jtransforms-2.4.0.jar:/Users/cdiaz/.m2/repository/com/chuusai/shapeless_2.11/2.3.2/shapeless_2.11-2.3.2.jar:/Users/cdiaz/.m2/repository/org/jpmml/pmml-schema/1.2.15/pmml-schema-1.2.15.jar:/Users/cdiaz/.m2/repository/org/apache/parquet/parquet-common/1.8.2/parquet-common-1.8.2.jar:/Users/cdiaz/.m2/repository/org/apache/parquet/parquet-format/2.3.1/parquet-format-2.3.1.jar:/Users/cdiaz/.m2/repository/org/apache/parquet/parquet-jackson/1.8.2/parquet-jackson-1.8.2.jar:/Users/cdiaz/.m2/repository/commons-lang/commons-lang/2.6/commons-lang-2.6.jar:/Users/cdiaz/.m2/repository/javolution/javolution/5.5.1/javolution-5.5.1.jar:/Users/cdiaz/.m2/repository/org/antlr/ST4/4.0.8/ST4-4.0.8.jar:/Users/cdiaz/.m2/repository/org/antlr/antlr-runtime/3.5.2/antlr-runtime-3.5.2.jar:/Users/cdiaz/.m2/repository/com/googlecode/javaewah/JavaEWAH/0.3.2/JavaEWAH-0.3.2.jar:/Users/cdiaz/.m2/repository/org/iq80/snappy/snappy/0.2/snappy-0.2.jar:/Users/cdiaz/.m2/repository/stax/stax-api/1.0.1/stax-api-1.0.1.jar:/Users/cdiaz/.m2/repository/com/jolbox/bonecp/0.8.0.RELEASE/bonecp-0.8.0.RELEASE.jar:/Users/cdiaz/.m2/repository/commons-cli/commons-cli/1.3.1/commons-cli-1.3.1.jar:/Users/cdiaz/.m2/repository/org/datanucleus/datanucleus-api-jdo/3.2.6/datanucleus-api-jdo-3.2.6.jar:/Users/cdiaz/.m2/repository/org/datanucleus/datanucleus-rdbms/3.2.9/datanucleus-rdbms-3.2.9.jar:/Users/cdiaz/.m2/repository/commons-dbcp/commons-dbcp/1.4/commons-dbcp-1.4.jar:/Users/cdiaz/.m2/repository/commons-pool/commons-pool/1.6/commons-pool-1.6.jar:/Users/cdiaz/.m2/repository/javax/jdo/jdo-api/3.0.1/jdo-api-3.0.1.jar:/Users/cdiaz/.m2/repository/org/apache/calcite/calcite-linq4j/1.2.0-incubating/calcite-linq4j-1.2.0-incubating.jar:/Users/cdiaz/.m2/repository/net/hydromatic/eigenbase-properties/1.1.5/eigenbase-properties-1.1.5.jar:/Users/cdiaz/.m2/repository/net/sf/supercsv/super-csv/2.2.0/super-csv-2.2.0.jar:/Users/cdiaz/.m2/repository/org/tukaani/xz/1.0/xz-1.0.jar:/Users/cdiaz/.m2/repository/org/ow2/asm/asm-commons/6.2/asm-commons-6.2.jar:/Users/cdiaz/.m2/repository/org/ow2/asm/asm-analysis/6.2/asm-analysis-6.2.jar:/Users/cdiaz/.m2/repository/org/ow2/asm/asm-tree/6.2/asm-tree-6.2.jar:/Users/cdiaz/.m2/repository/org/ow2/asm/asm/6.2/asm-6.2.jar:/Users/cdiaz/.m2/repository/com/twitter/elephantbird/elephant-bird-hadoop-compat/4.3/elephant-bird-hadoop-compat-4.3.jar:/Users/cdiaz/.m2/repository/org/lz4/lz4-java/1.4.1/lz4-java-1.4.1.jar:/Users/cdiaz/.m2/repository/org/agrona/agrona/0.9.16/agrona-0.9.16.jar:/Users/cdiaz/.m2/repository/com/googlecode/json-simple/json-simple/1.1/json-simple-1.1.jar:/Users/cdiaz/.m2/repository/org/yaml/snakeyaml/1.15/snakeyaml-1.15.jar:/Users/cdiaz/.m2/repository/org/hdrhistogram/HdrHistogram/2.1.10/HdrHistogram-2.1.10.jar:/Users/cdiaz/.m2/repository/ch/qos/logback/logback-core/1.2.3/logback-core-1.2.3.jar:/Users/cdiaz/.m2/repository/net/java/dev/jna/jna/4.5.1/jna-4.5.1.jar:/Users/cdiaz/.m2/repository/io/netty/netty-all/4.1.25.Final/netty-all-4.1.25.Final.jar:/Users/cdiaz/.m2/repository/org/fusesource/sigar/1.6.4/sigar-1.6.4.jar:/Users/cdiaz/.m2/repository/org/eclipse/jdt/core/compiler/ecj/4.6.1/ecj-4.6.1.jar:/Users/cdiaz/.m2/repository/org/gridkit/jvmtool/sjk-core/0.5.1/sjk-core-0.5.1.jar:/Users/cdiaz/.m2/repository/org/gridkit/jvmtool/sjk-cli/0.5.1/sjk-cli-0.5.1.jar:/Users/cdiaz/.m2/repository/org/gridkit/jvmtool/sjk-stacktrace/0.5.1/sjk-stacktrace-0.5.1.jar:/Users/cdiaz/.m2/repository/org/gridkit/lab/jvm-attach-api/1.2/jvm-attach-api-1.2.jar:/Users/cdiaz/.m2/repository/com/beust/jcommander/1.30/jcommander-1.30.jar:/Users/cdiaz/.m2/repository/com/github/rholder/snowball-stemmer/1.3.0.581.1/snowball-stemmer-1.3.0.581.1.jar:/Users/cdiaz/.m2/repository/com/googlecode/concurrent-trees/concurrent-trees/2.4.0/concurrent-trees-2.4.0.jar:/Users/cdiaz/.m2/repository/com/github/ben-manes/caffeine/caffeine/2.6.2/caffeine-2.6.2.jar:/Users/cdiaz/.m2/repository/org/jctools/jctools-core/2.1.2/jctools-core-2.1.2.jar:/Users/cdiaz/.m2/repository/io/reactivex/rxjava2/rxjava/2.1.3/rxjava-2.1.3.jar:/Users/cdiaz/.m2/repository/com/carrotsearch/hppc/0.7.2/hppc-0.7.2.jar:/Users/cdiaz/.m2/repository/org/psjava/psjava/0.1.19/psjava-0.1.19.jar:/Users/cdiaz/.m2/repository/com/github/jbellis/jamm/0.3.2/jamm-0.3.2.jar:/Users/cdiaz/.m2/repository/net/jodah/typetools/0.5.0/typetools-0.5.0.jar:/Users/cdiaz/.m2/repository/com/lmax/disruptor/3.3.6/disruptor-3.3.6.jar:/Users/cdiaz/.m2/repository/com/squareup/okhttp3/okhttp/3.8.1/okhttp-3.8.1.jar:/Users/cdiaz/.m2/repository/com/squareup/moshi/moshi/1.5.0/moshi-1.5.0.jar:/Users/cdiaz/.m2/repository/com/squareup/okio/okio/1.13.0/okio-1.13.0.jar:/Users/cdiaz/.m2/repository/org/glassfish/hk2/hk2-utils/2.4.0-b34/hk2-utils-2.4.0-b34.jar:/Users/cdiaz/.m2/repository/com/sun/jersey/contribs/jersey-guice/1.9/jersey-guice-1.9.jar:/Users/cdiaz/.m2/repository/javax/inject/javax.inject/1/javax.inject-1.jar:/Users/cdiaz/.m2/repository/aopalliance/aopalliance/1.0/aopalliance-1.0.jar:/Users/cdiaz/.m2/repository/org/json/json/20090211/json-20090211.jar:/Users/cdiaz/.m2/repository/javax/websocket/javax.websocket-api/1.0/javax.websocket-api-1.0.jar:/Users/cdiaz/.m2/repository/org/apache/hadoop/hadoop-annotations/2.7.1/hadoop-annotations-2.7.1.jar:/Users/cdiaz/.m2/repository/xmlenc/xmlenc/0.52/xmlenc-0.52.jar:/Users/cdiaz/.m2/repository/javax/servlet/jsp/jsp-api/2.1/jsp-api-2.1.jar:/Users/cdiaz/.m2/repository/com/google/protobuf/protobuf-java/2.5.0/protobuf-java-2.5.0.jar:/Users/cdiaz/.m2/repository/com/google/code/gson/gson/2.2.4/gson-2.2.4.jar:/Users/cdiaz/.m2/repository/com/jcraft/jsch/0.1.54/jsch-0.1.54.jar:/Users/cdiaz/.m2/repository/org/apache/htrace/htrace-core/3.1.0-incubating/htrace-core-3.1.0-incubating.jar:/Users/cdiaz/.m2/repository/org/bouncycastle/bcprov-jdk15on/1.58/bcprov-jdk15on-1.58.jar:/Users/cdiaz/.m2/repository/net/iharder/base64/2.3.8/base64-2.3.8.jar:/Users/cdiaz/.m2/repository/org/apache/ant/ant/1.9.6/ant-1.9.6.jar:/Users/cdiaz/.m2/repository/org/apache/directory/api/api-asn1-api/1.0.0/api-asn1-api-1.0.0.jar:/Users/cdiaz/.m2/repository/org/apache/directory/api/api-i18n/1.0.0/api-i18n-1.0.0.jar:/Users/cdiaz/.m2/repository/org/glassfish/hk2/external/aopalliance-repackaged/2.4.0-b34/aopalliance-repackaged-2.4.0-b34.jar:/Users/cdiaz/.m2/repository/org/typelevel/macro-compat_2.11/1.1.1/macro-compat_2.11-1.1.1.jar:/Users/cdiaz/.m2/repository/javax/transaction/jta/1.1/jta-1.1.jar:/Users/cdiaz/.m2/repository/it/unimi/dsi/fastutil/6.5.7/fastutil-6.5.7.jar:/Users/cdiaz/.m2/repository/org/reactivestreams/reactive-streams/1.0.1/reactive-streams-1.0.1.jar:/Users/cdiaz/.m2/repository/org/apache/servicemix/bundles/org.apache.servicemix.bundles.antlr/2.7.7_5/org.apache.servicemix.bundles.antlr-2.7.7_5.jar:/Users/cdiaz/.m2/repository/xerces/xercesImpl/2.9.1/xercesImpl-2.9.1.jar:/Users/cdiaz/.m2/repository/org/apache/ant/ant-launcher/1.9.6/ant-launcher-1.9.6.jar:/Users/cdiaz/.m2/repository/org/codehaus/jettison/jettison/1.1/jettison-1.1.jar:/Users/cdiaz/.m2/repository/javax/xml/stream/stax-api/1.0-2/stax-api-1.0-2.jar:/Users/cdiaz/.m2/repository/com/datastax/spark/spark-cassandra-connector-embedded_2.11/2.0.7/spark-cassandra-connector-embedded_2.11-2.0.7.jar:/Users/cdiaz/.m2/repository/com/datastax/cassandra/cassandra-driver-core/3.1.4/cassandra-driver-core-3.1.4.jar:/Users/cdiaz/.m2/repository/com/github/jnr/jnr-ffi/2.0.7/jnr-ffi-2.0.7.jar:/Users/cdiaz/.m2/repository/com/github/jnr/jffi/1.2.10/jffi-1.2.10.jar:/Users/cdiaz/.m2/repository/com/github/jnr/jffi/1.2.10/jffi-1.2.10-native.jar:/Users/cdiaz/.m2/repository/org/ow2/asm/asm-util/5.0.3/asm-util-5.0.3.jar:/Users/cdiaz/.m2/repository/com/github/jnr/jnr-x86asm/1.0.2/jnr-x86asm-1.0.2.jar:/Users/cdiaz/.m2/repository/com/github/jnr/jnr-posix/3.0.27/jnr-posix-3.0.27.jar:/Users/cdiaz/.m2/repository/com/github/jnr/jnr-constants/0.9.0/jnr-constants-0.9.0.jar:/Users/cdiaz/.m2/repository/com/datastax/cassandra/cassandra-driver-mapping/3.1.4/cassandra-driver-mapping-3.1.4.jar:/Users/cdiaz/.m2/repository/net/sf/jopt-simple/jopt-simple/3.2/jopt-simple-3.2.jar:/Users/cdiaz/.m2/repository/org/scalatest/scalatest_2.11/3.0.0/scalatest_2.11-3.0.0.jar:/Users/cdiaz/.m2/repository/org/scalactic/scalactic_2.11/3.0.0/scalactic_2.11-3.0.0.jar:/Users/cdiaz/.m2/repository/junit/junit/4.12/junit-4.12.jar:/Users/cdiaz/.m2/repository/org/hamcrest/hamcrest-core/1.3/hamcrest-core-1.3.jar:/Users/cdiaz/.m2/repository/org/apache/cassandra/cassandra-all/3.2/cassandra-all-3.2.jar:/Users/cdiaz/.m2/repository/net/jpountz/lz4/lz4/1.3.0/lz4-1.3.0.jar:/Users/cdiaz/.m2/repository/com/googlecode/concurrentlinkedhashmap/concurrentlinkedhashmap-lru/1.4/concurrentlinkedhashmap-lru-1.4.jar:/Users/cdiaz/.m2/repository/com/boundary/high-scale-lib/1.0.6/high-scale-lib-1.0.6.jar:/Users/cdiaz/.m2/repository/org/mindrot/jbcrypt/0.3m/jbcrypt-0.3m.jar:/Users/cdiaz/.m2/repository/com/thinkaurelius/thrift/thrift-server/0.3.7/thrift-server-0.3.7.jar:/Users/cdiaz/.m2/repository/org/apache/cassandra/cassandra-thrift/3.2/cassandra-thrift-3.2.jar">
</property>
    <property name="java.vm.specification.version" value="1.8"> </property>
    <property name="sun.arch.data.model" value="64"> </property>
    <property 
    name="java.home" value="/Library/Java/JavaVirtualMachines/adoptopenjdk-8.jdk/Contents/Home/jre">
</property>
    <property 
    name="sun.java.command" value="org.scalatest.tools.Runner -R /Users/cdiaz/Documents/Datastax/Dev/dse-twcs-migrator/target/classes /Users/cdiaz/Documents/Datastax/Dev/dse-twcs-migrator/target/test-classes -o -fWDF /Users/cdiaz/Documents/Datastax/Dev/dse-twcs-migrator/target/surefire-reports/TestSuite.txt -u /Users/cdiaz/Documents/Datastax/Dev/dse-twcs-migrator/target/surefire-reports/.">
</property>
    <property name="java.specification.vendor" value="Oracle Corporation">
    </property>
    <property name="user.language" value="en"> </property>
    <property name="awt.toolkit" value="sun.lwawt.macosx.LWCToolkit">
    </property>
    <property name="java.vm.info" value="mixed mode"> </property>
    <property name="java.version" value="1.8.0_202"> </property>
    <property 
    name="java.ext.dirs" value="/Users/cdiaz/Library/Java/Extensions:/Library/Java/JavaVirtualMachines/adoptopenjdk-8.jdk/Contents/Home/jre/lib/ext:/Library/Java/Extensions:/Network/Library/Java/Extensions:/System/Library/Java/Extensions:/usr/lib/java">
</property>
    <property 
    name="sun.boot.class.path" value="/Library/Java/JavaVirtualMachines/adoptopenjdk-8.jdk/Contents/Home/jre/lib/resources.jar:/Library/Java/JavaVirtualMachines/adoptopenjdk-8.jdk/Contents/Home/jre/lib/rt.jar:/Library/Java/JavaVirtualMachines/adoptopenjdk-8.jdk/Contents/Home/jre/lib/sunrsasign.jar:/Library/Java/JavaVirtualMachines/adoptopenjdk-8.jdk/Contents/Home/jre/lib/jsse.jar:/Library/Java/JavaVirtualMachines/adoptopenjdk-8.jdk/Contents/Home/jre/lib/jce.jar:/Library/Java/JavaVirtualMachines/adoptopenjdk-8.jdk/Contents/Home/jre/lib/charsets.jar:/Library/Java/JavaVirtualMachines/adoptopenjdk-8.jdk/Contents/Home/jre/lib/jfr.jar:/Library/Java/JavaVirtualMachines/adoptopenjdk-8.jdk/Contents/Home/jre/classes">
</property>
    <property name="java.vendor" value="AdoptOpenJdk"> </property>
    <property name="file.separator" value="/"> </property>
    <property 
    name="java.vendor.url.bug" value="https://github.com/AdoptOpenJDK/openjdk-build/issues">
</property>
    <property name="sun.cpu.endian" value="little"> </property>
    <property name="sun.io.unicode.encoding" value="UnicodeBig"> </property>
    <property 
    name="socksNonProxyHosts" value="local|*.local|169.254/16|*.169.254/16">
</property>
    <property 
    name="ftp.nonProxyHosts" value="local|*.local|169.254/16|*.169.254/16">
</property>
    <property name="sun.cpu.isalist" value=""> </property>
  </properties>
  <system-out><![CDATA[]]></system-out>
  <system-err><![CDATA[]]></system-err>
</testsuite>
